TN:
SF:src/modules/appointments/services/CreateAppointment.ts
FN:39,__decorate
FN:39,__metadata
FN:39,__param
FN:39,__awaiter
FN:39,adopt
FN:39,fulfilled
FN:39,rejected
FN:39,step
FN:39,__generator
FN:39,sent
FN:39,g.<computed>
FN:39,verb
FN:39,step
FN:39,__importDefault
FN:13,CreateAppointmentsService
FN:20,CreateAppointmentsService.execute
FNF:16
FNH:14
FNDA:1,__decorate
FNDA:1,__metadata
FNDA:1,__param
FNDA:3,__awaiter
FNDA:3,adopt
FNDA:3,fulfilled
FNDA:0,rejected
FNDA:5,step
FNDA:3,__generator
FNDA:3,sent
FNDA:0,g.<computed>
FNDA:9,verb
FNDA:6,step
FNDA:1,__importDefault
FNDA:2,CreateAppointmentsService
FNDA:3,CreateAppointmentsService.execute
DA:1,1
DA:2,1
DA:3,1
DA:4,1
DA:5,1
DA:6,1
DA:7,1
DA:8,1
DA:9,1
DA:10,1
DA:11,1
DA:12,1
DA:13,1
DA:14,2
DA:15,2
DA:16,2
DA:17,2
DA:18,2
DA:19,1
DA:20,1
DA:21,3
DA:22,3
DA:23,3
DA:24,3
DA:25,3
DA:26,3
DA:27,3
DA:28,1
DA:29,1
DA:30,2
DA:31,2
DA:32,2
DA:33,2
DA:34,2
DA:35,2
DA:36,3
DA:37,1
DA:38,1
DA:39,1
LF:39
LH:39
BRDA:39,0,0,1
BRDA:39,1,0,1
BRDA:39,2,0,0
BRDA:39,3,0,0
BRDA:39,4,0,0
BRDA:39,5,0,0
BRDA:39,6,0,1
BRDA:39,7,0,1
BRDA:39,8,0,1
BRDA:39,9,0,3
BRDA:39,10,0,3
BRDA:39,11,0,0
BRDA:39,12,0,3
BRDA:39,13,0,3
BRDA:39,14,0,1
BRDA:39,15,0,5
BRDA:39,16,0,2
BRDA:39,17,0,3
BRDA:39,18,0,3
BRDA:39,19,0,3
BRDA:39,20,0,0
BRDA:39,21,0,9
BRDA:39,22,0,6
BRDA:39,23,0,6
BRDA:39,24,0,0
BRDA:39,25,0,12
BRDA:39,26,0,0
BRDA:39,27,0,0
BRDA:39,28,0,0
BRDA:39,29,0,0
BRDA:39,30,0,6
BRDA:39,31,0,6
BRDA:39,32,0,3
BRDA:39,33,0,0
BRDA:39,34,0,0
BRDA:39,35,0,3
BRDA:39,36,0,0
BRDA:39,37,0,2
BRDA:39,38,0,0
BRDA:39,39,0,0
BRDA:39,40,0,0
BRDA:39,41,0,0
BRDA:39,42,0,6
BRDA:39,43,0,1
BRDA:39,44,0,6
BRDA:39,45,0,3
BRDA:39,46,0,1
BRDA:39,47,0,2
BRDA:39,48,0,0
BRDA:39,49,0,1
BRDA:39,50,0,0
BRDA:11,51,0,1
BRDA:13,52,0,2
BRDA:20,53,0,3
BRDA:39,54,0,3
BRDA:39,55,0,6
BRDA:39,56,0,3
BRDA:39,57,0,3
BRDA:27,58,0,1
BRDA:29,59,0,2
BRF:60
BRH:40
end_of_record
TN:
SF:src/modules/users/services/AuthenticateUser.ts
FN:72,__decorate
FN:72,__metadata
FN:72,__param
FN:72,__awaiter
FN:72,adopt
FN:72,fulfilled
FN:72,rejected
FN:72,step
FN:72,__generator
FN:72,sent
FN:72,g.<computed>
FN:72,verb
FN:72,step
FN:72,__importDefault
FN:31,AuthenticateUser
FN:39,AuthenticateUser.execute
FNF:16
FNH:14
FNDA:1,__decorate
FNDA:1,__metadata
FNDA:2,__param
FNDA:3,__awaiter
FNDA:5,adopt
FNDA:5,fulfilled
FNDA:0,rejected
FNDA:6,step
FNDA:3,__generator
FNDA:5,sent
FNDA:0,g.<computed>
FNDA:9,verb
FNDA:8,step
FNDA:2,__importDefault
FNDA:3,AuthenticateUser
FNDA:3,AuthenticateUser.execute
DA:1,1
DA:2,1
DA:3,1
DA:4,1
DA:5,1
DA:6,1
DA:7,1
DA:8,1
DA:9,1
DA:10,1
DA:11,1
DA:12,1
DA:13,1
DA:14,1
DA:15,1
DA:16,1
DA:17,1
DA:18,1
DA:19,1
DA:20,1
DA:21,1
DA:22,1
DA:23,1
DA:24,1
DA:25,1
DA:26,1
DA:27,1
DA:28,1
DA:29,1
DA:30,1
DA:31,1
DA:32,3
DA:33,3
DA:34,3
DA:35,3
DA:36,3
DA:37,3
DA:38,1
DA:39,1
DA:40,3
DA:41,3
DA:42,3
DA:43,3
DA:44,2
DA:45,3
DA:46,2
DA:47,2
DA:48,1
DA:49,1
DA:50,1
DA:51,1
DA:52,1
DA:53,1
DA:54,1
DA:55,1
DA:56,1
DA:57,1
DA:58,1
DA:59,1
DA:60,1
DA:61,1
DA:62,1
DA:63,1
DA:64,1
DA:65,1
DA:66,1
DA:67,1
DA:68,1
DA:69,3
DA:70,1
DA:71,1
DA:72,1
LF:72
LH:72
BRDA:72,0,0,1
BRDA:72,1,0,1
BRDA:72,2,0,0
BRDA:72,3,0,0
BRDA:72,4,0,0
BRDA:72,5,0,0
BRDA:72,6,0,1
BRDA:72,7,0,2
BRDA:72,8,0,2
BRDA:72,9,0,3
BRDA:72,10,0,5
BRDA:72,11,0,0
BRDA:72,12,0,3
BRDA:72,13,0,5
BRDA:72,14,0,2
BRDA:72,15,0,6
BRDA:72,16,0,1
BRDA:72,17,0,5
BRDA:72,18,0,3
BRDA:72,19,0,5
BRDA:72,20,0,0
BRDA:72,21,0,9
BRDA:72,22,0,8
BRDA:72,23,0,8
BRDA:72,24,0,0
BRDA:72,25,0,17
BRDA:72,26,0,0
BRDA:72,27,0,0
BRDA:72,28,0,0
BRDA:72,29,0,0
BRDA:72,30,0,8
BRDA:72,31,0,8
BRDA:72,32,0,5
BRDA:72,33,0,0
BRDA:72,34,0,0
BRDA:72,35,0,4
BRDA:72,36,0,0
BRDA:72,37,0,2
BRDA:72,38,0,3
BRDA:72,39,0,1
BRDA:72,40,0,0
BRDA:72,41,0,1
BRDA:72,42,0,0
BRDA:72,43,0,0
BRDA:72,44,0,0
BRDA:72,45,0,9
BRDA:72,46,0,2
BRDA:72,47,0,9
BRDA:72,48,0,3
BRDA:72,49,0,2
BRDA:72,50,0,1
BRDA:72,51,0,0
BRDA:72,52,0,2
BRDA:72,53,0,0
BRDA:27,54,0,1
BRDA:31,55,0,3
BRDA:39,56,0,3
BRDA:72,57,0,3
BRDA:72,58,0,9
BRDA:40,59,0,3
BRDA:72,60,0,3
BRDA:43,61,0,1
BRDA:43,62,0,2
BRDA:72,63,0,2
BRDA:72,64,0,3
BRDA:45,65,0,2
BRDA:47,66,0,1
BRF:67
BRH:47
end_of_record
TN:
SF:src/modules/users/services/AvatarUpload.ts
FN:49,__assign
FN:49,__assign
FN:49,__decorate
FN:49,__metadata
FN:49,__param
FN:49,__awaiter
FN:49,adopt
FN:49,fulfilled
FN:49,rejected
FN:49,step
FN:49,__generator
FN:49,sent
FN:49,g.<computed>
FN:49,verb
FN:49,step
FN:49,__importDefault
FN:21,AvatarUpload
FN:29,AvatarUpload.execute
FNF:18
FNH:15
FNDA:2,__assign
FNDA:0,__assign
FNDA:1,__decorate
FNDA:1,__metadata
FNDA:2,__param
FNDA:5,__awaiter
FNDA:10,adopt
FNDA:10,fulfilled
FNDA:0,rejected
FNDA:13,step
FNDA:5,__generator
FNDA:10,sent
FNDA:0,g.<computed>
FNDA:15,verb
FNDA:15,step
FNDA:1,__importDefault
FNDA:4,AvatarUpload
FNDA:5,AvatarUpload.execute
DA:1,1
DA:2,1
DA:3,1
DA:4,1
DA:5,1
DA:6,1
DA:7,1
DA:8,1
DA:9,1
DA:10,1
DA:11,1
DA:12,1
DA:13,1
DA:14,1
DA:15,1
DA:16,1
DA:17,1
DA:18,1
DA:19,1
DA:20,1
DA:21,1
DA:22,4
DA:23,4
DA:24,4
DA:25,4
DA:26,4
DA:27,4
DA:28,1
DA:29,1
DA:30,5
DA:31,1
DA:32,1
DA:33,4
DA:34,4
DA:35,5
DA:36,5
DA:37,1
DA:38,1
DA:39,3
DA:40,5
DA:41,1
DA:42,1
DA:43,3
DA:44,3
DA:45,5
DA:46,5
DA:47,5
DA:48,5
DA:49,1
LF:49
LH:49
BRDA:49,0,0,1
BRDA:49,1,0,2
BRDA:49,2,0,0
BRDA:49,3,0,1
BRDA:49,4,0,0
BRDA:49,5,0,0
BRDA:49,6,0,0
BRDA:49,7,0,0
BRDA:49,8,0,1
BRDA:49,9,0,2
BRDA:49,10,0,2
BRDA:49,11,0,5
BRDA:49,12,0,10
BRDA:49,13,0,0
BRDA:49,14,0,5
BRDA:49,15,0,10
BRDA:49,16,0,1
BRDA:49,17,0,13
BRDA:49,18,0,3
BRDA:49,19,0,10
BRDA:49,20,0,5
BRDA:49,21,0,10
BRDA:49,22,0,0
BRDA:49,23,0,15
BRDA:49,24,0,15
BRDA:49,25,0,15
BRDA:49,26,0,0
BRDA:49,27,0,30
BRDA:49,28,0,0
BRDA:49,29,0,0
BRDA:49,30,0,0
BRDA:49,31,0,0
BRDA:49,32,0,15
BRDA:49,33,0,15
BRDA:49,34,0,10
BRDA:49,35,0,0
BRDA:49,36,0,0
BRDA:49,37,0,5
BRDA:49,38,0,0
BRDA:49,39,0,3
BRDA:49,40,0,0
BRDA:49,41,0,0
BRDA:49,42,0,0
BRDA:49,43,0,0
BRDA:49,44,0,15
BRDA:49,45,0,2
BRDA:49,46,0,15
BRDA:49,47,0,5
BRDA:49,48,0,2
BRDA:49,49,0,3
BRDA:49,50,0,0
BRDA:49,51,0,1
BRDA:49,52,0,0
BRDA:15,53,0,1
BRDA:21,54,0,4
BRDA:29,55,0,5
BRDA:49,56,0,5
BRDA:49,57,0,15
BRDA:49,58,0,5
BRDA:30,59,0,1
BRDA:32,60,0,4
BRDA:49,61,0,4
BRDA:36,62,0,1
BRDA:38,63,0,3
BRDA:40,64,0,1
BRDA:42,65,0,3
BRDA:49,66,0,3
BRDA:49,67,0,3
BRF:68
BRH:47
end_of_record
TN:
SF:src/modules/users/services/CreateUser.ts
FN:41,__decorate
FN:41,__metadata
FN:41,__param
FN:41,__awaiter
FN:41,adopt
FN:41,fulfilled
FN:41,rejected
FN:41,step
FN:41,__generator
FN:41,sent
FN:41,g.<computed>
FN:41,verb
FN:41,step
FN:41,__importDefault
FN:18,CreateUser
FN:26,CreateUser.execute
FNF:16
FNH:14
FNDA:3,__decorate
FNDA:3,__metadata
FNDA:6,__param
FNDA:8,__awaiter
FNDA:22,adopt
FNDA:22,fulfilled
FNDA:0,rejected
FNDA:29,step
FNDA:8,__generator
FNDA:22,sent
FNDA:0,g.<computed>
FNDA:24,verb
FNDA:30,step
FNDA:3,__importDefault
FNDA:9,CreateUser
FNDA:8,CreateUser.execute
DA:1,1
DA:2,1
DA:3,1
DA:4,1
DA:5,1
DA:6,1
DA:7,1
DA:8,1
DA:9,1
DA:10,1
DA:11,1
DA:12,3
DA:13,3
DA:14,3
DA:15,3
DA:16,3
DA:17,3
DA:18,3
DA:19,9
DA:20,9
DA:21,9
DA:22,9
DA:23,9
DA:24,9
DA:25,3
DA:26,3
DA:27,8
DA:28,8
DA:29,8
DA:30,1
DA:31,1
DA:32,7
DA:33,7
DA:34,8
DA:35,8
DA:36,8
DA:37,8
DA:38,8
DA:39,8
DA:40,8
DA:41,3
LF:41
LH:41
BRDA:41,0,0,3
BRDA:41,1,0,3
BRDA:41,2,0,0
BRDA:41,3,0,0
BRDA:41,4,0,0
BRDA:41,5,0,0
BRDA:41,6,0,3
BRDA:41,7,0,6
BRDA:41,8,0,6
BRDA:41,9,0,8
BRDA:41,10,0,22
BRDA:41,11,0,0
BRDA:41,12,0,8
BRDA:41,13,0,22
BRDA:41,14,0,1
BRDA:41,15,0,29
BRDA:41,16,0,7
BRDA:41,17,0,22
BRDA:41,18,0,8
BRDA:41,19,0,22
BRDA:41,20,0,0
BRDA:41,21,0,24
BRDA:41,22,0,30
BRDA:41,23,0,30
BRDA:41,24,0,0
BRDA:41,25,0,60
BRDA:41,26,0,0
BRDA:41,27,0,0
BRDA:41,28,0,0
BRDA:41,29,0,0
BRDA:41,30,0,30
BRDA:41,31,0,30
BRDA:41,32,0,22
BRDA:41,33,0,0
BRDA:41,34,0,0
BRDA:41,35,0,8
BRDA:41,36,0,0
BRDA:41,37,0,7
BRDA:41,38,0,0
BRDA:41,39,0,0
BRDA:41,40,0,0
BRDA:41,41,0,0
BRDA:41,42,0,30
BRDA:41,43,0,1
BRDA:41,44,0,30
BRDA:41,45,0,8
BRDA:41,46,0,1
BRDA:41,47,0,7
BRDA:41,48,0,0
BRDA:41,49,0,3
BRDA:41,50,0,0
BRDA:12,51,0,3
BRDA:18,52,0,9
BRDA:26,53,0,8
BRDA:41,54,0,8
BRDA:41,55,0,30
BRDA:27,56,0,8
BRDA:41,57,0,8
BRDA:29,58,0,1
BRDA:31,59,0,7
BRDA:41,60,0,7
BRDA:41,61,0,7
BRF:62
BRH:42
end_of_record
