TN:
SF:src/modules/appointments/services/CreateAppointment.ts
FN:39,__decorate
FN:39,__metadata
FN:39,__param
FN:39,__awaiter
FN:39,adopt
FN:39,fulfilled
FN:39,rejected
FN:39,step
FN:39,__generator
FN:39,sent
FN:39,g.<computed>
FN:39,verb
FN:39,step
FN:39,__importDefault
FN:13,CreateAppointmentsService
FN:20,CreateAppointmentsService.execute
FNF:16
FNH:14
FNDA:1,__decorate
FNDA:1,__metadata
FNDA:1,__param
FNDA:3,__awaiter
FNDA:3,adopt
FNDA:3,fulfilled
FNDA:0,rejected
FNDA:5,step
FNDA:3,__generator
FNDA:3,sent
FNDA:0,g.<computed>
FNDA:9,verb
FNDA:6,step
FNDA:1,__importDefault
FNDA:2,CreateAppointmentsService
FNDA:3,CreateAppointmentsService.execute
DA:1,1
DA:2,1
DA:3,1
DA:4,1
DA:5,1
DA:6,1
DA:7,1
DA:8,1
DA:9,1
DA:10,1
DA:11,1
DA:12,1
DA:13,1
DA:14,2
DA:15,2
DA:16,2
DA:17,2
DA:18,2
DA:19,1
DA:20,1
DA:21,3
DA:22,3
DA:23,3
DA:24,3
DA:25,3
DA:26,3
DA:27,3
DA:28,1
DA:29,1
DA:30,2
DA:31,2
DA:32,2
DA:33,2
DA:34,2
DA:35,2
DA:36,3
DA:37,1
DA:38,1
DA:39,1
LF:39
LH:39
BRDA:39,0,0,1
BRDA:39,1,0,1
BRDA:39,2,0,0
BRDA:39,3,0,0
BRDA:39,4,0,0
BRDA:39,5,0,0
BRDA:39,6,0,1
BRDA:39,7,0,1
BRDA:39,8,0,1
BRDA:39,9,0,3
BRDA:39,10,0,3
BRDA:39,11,0,0
BRDA:39,12,0,3
BRDA:39,13,0,3
BRDA:39,14,0,1
BRDA:39,15,0,5
BRDA:39,16,0,2
BRDA:39,17,0,3
BRDA:39,18,0,3
BRDA:39,19,0,3
BRDA:39,20,0,0
BRDA:39,21,0,9
BRDA:39,22,0,6
BRDA:39,23,0,6
BRDA:39,24,0,0
BRDA:39,25,0,12
BRDA:39,26,0,0
BRDA:39,27,0,0
BRDA:39,28,0,0
BRDA:39,29,0,0
BRDA:39,30,0,6
BRDA:39,31,0,6
BRDA:39,32,0,3
BRDA:39,33,0,0
BRDA:39,34,0,0
BRDA:39,35,0,3
BRDA:39,36,0,0
BRDA:39,37,0,2
BRDA:39,38,0,0
BRDA:39,39,0,0
BRDA:39,40,0,0
BRDA:39,41,0,0
BRDA:39,42,0,6
BRDA:39,43,0,1
BRDA:39,44,0,6
BRDA:39,45,0,3
BRDA:39,46,0,1
BRDA:39,47,0,2
BRDA:39,48,0,0
BRDA:39,49,0,1
BRDA:39,50,0,0
BRDA:11,51,0,1
BRDA:13,52,0,2
BRDA:20,53,0,3
BRDA:39,54,0,3
BRDA:39,55,0,6
BRDA:39,56,0,3
BRDA:39,57,0,3
BRDA:27,58,0,1
BRDA:29,59,0,2
BRF:60
BRH:40
end_of_record
TN:
SF:src/modules/users/services/AuthenticateUser.ts
FN:72,__decorate
FN:72,__metadata
FN:72,__param
FN:72,__awaiter
FN:72,adopt
FN:72,fulfilled
FN:72,rejected
FN:72,step
FN:72,__generator
FN:72,sent
FN:72,g.<computed>
FN:72,verb
FN:72,step
FN:72,__importDefault
FN:31,AuthenticateUser
FN:39,AuthenticateUser.execute
FNF:16
FNH:14
FNDA:1,__decorate
FNDA:1,__metadata
FNDA:2,__param
FNDA:3,__awaiter
FNDA:5,adopt
FNDA:5,fulfilled
FNDA:0,rejected
FNDA:6,step
FNDA:3,__generator
FNDA:5,sent
FNDA:0,g.<computed>
FNDA:9,verb
FNDA:8,step
FNDA:2,__importDefault
FNDA:3,AuthenticateUser
FNDA:3,AuthenticateUser.execute
DA:1,1
DA:2,1
DA:3,1
DA:4,1
DA:5,1
DA:6,1
DA:7,1
DA:8,1
DA:9,1
DA:10,1
DA:11,1
DA:12,1
DA:13,1
DA:14,1
DA:15,1
DA:16,1
DA:17,1
DA:18,1
DA:19,1
DA:20,1
DA:21,1
DA:22,1
DA:23,1
DA:24,1
DA:25,1
DA:26,1
DA:27,1
DA:28,1
DA:29,1
DA:30,1
DA:31,1
DA:32,3
DA:33,3
DA:34,3
DA:35,3
DA:36,3
DA:37,3
DA:38,1
DA:39,1
DA:40,3
DA:41,3
DA:42,3
DA:43,3
DA:44,2
DA:45,3
DA:46,2
DA:47,2
DA:48,1
DA:49,1
DA:50,1
DA:51,1
DA:52,1
DA:53,1
DA:54,1
DA:55,1
DA:56,1
DA:57,1
DA:58,1
DA:59,1
DA:60,1
DA:61,1
DA:62,1
DA:63,1
DA:64,1
DA:65,1
DA:66,1
DA:67,1
DA:68,1
DA:69,3
DA:70,1
DA:71,1
DA:72,1
LF:72
LH:72
BRDA:72,0,0,1
BRDA:72,1,0,1
BRDA:72,2,0,0
BRDA:72,3,0,0
BRDA:72,4,0,0
BRDA:72,5,0,0
BRDA:72,6,0,1
BRDA:72,7,0,2
BRDA:72,8,0,2
BRDA:72,9,0,3
BRDA:72,10,0,5
BRDA:72,11,0,0
BRDA:72,12,0,3
BRDA:72,13,0,5
BRDA:72,14,0,2
BRDA:72,15,0,6
BRDA:72,16,0,1
BRDA:72,17,0,5
BRDA:72,18,0,3
BRDA:72,19,0,5
BRDA:72,20,0,0
BRDA:72,21,0,9
BRDA:72,22,0,8
BRDA:72,23,0,8
BRDA:72,24,0,0
BRDA:72,25,0,17
BRDA:72,26,0,0
BRDA:72,27,0,0
BRDA:72,28,0,0
BRDA:72,29,0,0
BRDA:72,30,0,8
BRDA:72,31,0,8
BRDA:72,32,0,5
BRDA:72,33,0,0
BRDA:72,34,0,0
BRDA:72,35,0,4
BRDA:72,36,0,0
BRDA:72,37,0,2
BRDA:72,38,0,3
BRDA:72,39,0,1
BRDA:72,40,0,0
BRDA:72,41,0,1
BRDA:72,42,0,0
BRDA:72,43,0,0
BRDA:72,44,0,0
BRDA:72,45,0,9
BRDA:72,46,0,2
BRDA:72,47,0,9
BRDA:72,48,0,3
BRDA:72,49,0,2
BRDA:72,50,0,1
BRDA:72,51,0,0
BRDA:72,52,0,2
BRDA:72,53,0,0
BRDA:27,54,0,1
BRDA:31,55,0,3
BRDA:39,56,0,3
BRDA:72,57,0,3
BRDA:72,58,0,9
BRDA:40,59,0,3
BRDA:72,60,0,3
BRDA:43,61,0,1
BRDA:43,62,0,2
BRDA:72,63,0,2
BRDA:72,64,0,3
BRDA:45,65,0,2
BRDA:47,66,0,1
BRF:67
BRH:47
end_of_record
TN:
SF:src/modules/users/services/AvatarUpload.ts
FN:49,__assign
FN:49,__assign
FN:49,__decorate
FN:49,__metadata
FN:49,__param
FN:49,__awaiter
FN:49,adopt
FN:49,fulfilled
FN:49,rejected
FN:49,step
FN:49,__generator
FN:49,sent
FN:49,g.<computed>
FN:49,verb
FN:49,step
FN:49,__importDefault
FN:21,AvatarUpload
FN:29,AvatarUpload.execute
FNF:18
FNH:15
FNDA:2,__assign
FNDA:0,__assign
FNDA:1,__decorate
FNDA:1,__metadata
FNDA:2,__param
FNDA:5,__awaiter
FNDA:10,adopt
FNDA:10,fulfilled
FNDA:0,rejected
FNDA:13,step
FNDA:5,__generator
FNDA:10,sent
FNDA:0,g.<computed>
FNDA:15,verb
FNDA:15,step
FNDA:1,__importDefault
FNDA:4,AvatarUpload
FNDA:5,AvatarUpload.execute
DA:1,1
DA:2,1
DA:3,1
DA:4,1
DA:5,1
DA:6,1
DA:7,1
DA:8,1
DA:9,1
DA:10,1
DA:11,1
DA:12,1
DA:13,1
DA:14,1
DA:15,1
DA:16,1
DA:17,1
DA:18,1
DA:19,1
DA:20,1
DA:21,1
DA:22,4
DA:23,4
DA:24,4
DA:25,4
DA:26,4
DA:27,4
DA:28,1
DA:29,1
DA:30,5
DA:31,1
DA:32,1
DA:33,4
DA:34,4
DA:35,5
DA:36,5
DA:37,1
DA:38,1
DA:39,3
DA:40,5
DA:41,1
DA:42,1
DA:43,3
DA:44,3
DA:45,5
DA:46,5
DA:47,5
DA:48,5
DA:49,1
LF:49
LH:49
BRDA:49,0,0,1
BRDA:49,1,0,2
BRDA:49,2,0,0
BRDA:49,3,0,1
BRDA:49,4,0,0
BRDA:49,5,0,0
BRDA:49,6,0,0
BRDA:49,7,0,0
BRDA:49,8,0,1
BRDA:49,9,0,2
BRDA:49,10,0,2
BRDA:49,11,0,5
BRDA:49,12,0,10
BRDA:49,13,0,0
BRDA:49,14,0,5
BRDA:49,15,0,10
BRDA:49,16,0,1
BRDA:49,17,0,13
BRDA:49,18,0,3
BRDA:49,19,0,10
BRDA:49,20,0,5
BRDA:49,21,0,10
BRDA:49,22,0,0
BRDA:49,23,0,15
BRDA:49,24,0,15
BRDA:49,25,0,15
BRDA:49,26,0,0
BRDA:49,27,0,30
BRDA:49,28,0,0
BRDA:49,29,0,0
BRDA:49,30,0,0
BRDA:49,31,0,0
BRDA:49,32,0,15
BRDA:49,33,0,15
BRDA:49,34,0,10
BRDA:49,35,0,0
BRDA:49,36,0,0
BRDA:49,37,0,5
BRDA:49,38,0,0
BRDA:49,39,0,3
BRDA:49,40,0,0
BRDA:49,41,0,0
BRDA:49,42,0,0
BRDA:49,43,0,0
BRDA:49,44,0,15
BRDA:49,45,0,2
BRDA:49,46,0,15
BRDA:49,47,0,5
BRDA:49,48,0,2
BRDA:49,49,0,3
BRDA:49,50,0,0
BRDA:49,51,0,1
BRDA:49,52,0,0
BRDA:15,53,0,1
BRDA:21,54,0,4
BRDA:29,55,0,5
BRDA:49,56,0,5
BRDA:49,57,0,15
BRDA:49,58,0,5
BRDA:30,59,0,1
BRDA:32,60,0,4
BRDA:49,61,0,4
BRDA:36,62,0,1
BRDA:38,63,0,3
BRDA:40,64,0,1
BRDA:42,65,0,3
BRDA:49,66,0,3
BRDA:49,67,0,3
BRF:68
BRH:47
end_of_record
TN:
SF:src/modules/users/services/CreateUser.ts
FN:53,__decorate
FN:53,__metadata
FN:53,__param
FN:53,__awaiter
FN:53,adopt
FN:53,fulfilled
FN:53,rejected
FN:53,step
FN:53,__generator
FN:53,sent
FN:53,g.<computed>
FN:53,verb
FN:53,step
FN:53,__importDefault
FN:18,CreateUser
FN:26,CreateUser.execute
FNF:16
FNH:14
FNDA:3,__decorate
FNDA:3,__metadata
FNDA:6,__param
FNDA:11,__awaiter
FNDA:25,adopt
FNDA:25,fulfilled
FNDA:0,rejected
FNDA:32,step
FNDA:11,__generator
FNDA:25,sent
FNDA:0,g.<computed>
FNDA:33,verb
FNDA:36,step
FNDA:3,__importDefault
FNDA:12,CreateUser
FNDA:11,CreateUser.execute
DA:1,1
DA:2,1
DA:3,1
DA:4,1
DA:5,1
DA:6,1
DA:7,1
DA:8,1
DA:9,1
DA:10,1
DA:11,1
DA:12,3
DA:13,3
DA:14,3
DA:15,3
DA:16,3
DA:17,3
DA:18,3
DA:19,12
DA:20,12
DA:21,12
DA:22,12
DA:23,12
DA:24,12
DA:25,3
DA:26,3
DA:27,11
DA:28,11
DA:29,11
DA:30,1
DA:31,1
DA:32,10
DA:33,11
DA:34,1
DA:35,1
DA:36,9
DA:37,11
DA:38,1
DA:39,1
DA:40,8
DA:41,11
DA:42,1
DA:43,1
DA:44,7
DA:45,7
DA:46,11
DA:47,11
DA:48,11
DA:49,11
DA:50,11
DA:51,11
DA:52,11
DA:53,3
LF:53
LH:53
BRDA:53,0,0,3
BRDA:53,1,0,3
BRDA:53,2,0,0
BRDA:53,3,0,0
BRDA:53,4,0,0
BRDA:53,5,0,0
BRDA:53,6,0,3
BRDA:53,7,0,6
BRDA:53,8,0,6
BRDA:53,9,0,11
BRDA:53,10,0,25
BRDA:53,11,0,0
BRDA:53,12,0,11
BRDA:53,13,0,25
BRDA:53,14,0,4
BRDA:53,15,0,32
BRDA:53,16,0,7
BRDA:53,17,0,25
BRDA:53,18,0,11
BRDA:53,19,0,25
BRDA:53,20,0,0
BRDA:53,21,0,33
BRDA:53,22,0,36
BRDA:53,23,0,36
BRDA:53,24,0,0
BRDA:53,25,0,72
BRDA:53,26,0,0
BRDA:53,27,0,0
BRDA:53,28,0,0
BRDA:53,29,0,0
BRDA:53,30,0,36
BRDA:53,31,0,36
BRDA:53,32,0,25
BRDA:53,33,0,0
BRDA:53,34,0,0
BRDA:53,35,0,11
BRDA:53,36,0,0
BRDA:53,37,0,7
BRDA:53,38,0,0
BRDA:53,39,0,0
BRDA:53,40,0,0
BRDA:53,41,0,0
BRDA:53,42,0,36
BRDA:53,43,0,4
BRDA:53,44,0,36
BRDA:53,45,0,11
BRDA:53,46,0,4
BRDA:53,47,0,7
BRDA:53,48,0,0
BRDA:53,49,0,3
BRDA:53,50,0,0
BRDA:12,51,0,3
BRDA:18,52,0,12
BRDA:26,53,0,11
BRDA:53,54,0,11
BRDA:53,55,0,36
BRDA:27,56,0,11
BRDA:53,57,0,11
BRDA:29,58,0,1
BRDA:31,59,0,10
BRDA:33,60,0,1
BRDA:35,61,0,9
BRDA:37,62,0,1
BRDA:39,63,0,8
BRDA:41,64,0,7
BRDA:41,65,0,1
BRDA:43,66,0,7
BRDA:53,67,0,7
BRDA:53,68,0,7
BRF:69
BRH:49
end_of_record
TN:
SF:src/modules/users/services/ResetPassword.ts
FN:57,__assign
FN:57,__assign
FN:57,__decorate
FN:57,__metadata
FN:57,__param
FN:57,__awaiter
FN:57,adopt
FN:57,fulfilled
FN:57,rejected
FN:57,step
FN:57,__generator
FN:57,sent
FN:57,g.<computed>
FN:57,verb
FN:57,step
FN:57,__importDefault
FN:21,ResetPassword
FN:31,ResetPassword.execute
FNF:18
FNH:15
FNDA:2,__assign
FNDA:0,__assign
FNDA:1,__decorate
FNDA:1,__metadata
FNDA:3,__param
FNDA:5,__awaiter
FNDA:9,adopt
FNDA:9,fulfilled
FNDA:0,rejected
FNDA:10,step
FNDA:5,__generator
FNDA:9,sent
FNDA:0,g.<computed>
FNDA:15,verb
FNDA:14,step
FNDA:2,__importDefault
FNDA:5,ResetPassword
FNDA:5,ResetPassword.execute
DA:1,1
DA:2,1
DA:3,1
DA:4,1
DA:5,1
DA:6,1
DA:7,1
DA:8,1
DA:9,1
DA:10,1
DA:11,1
DA:12,1
DA:13,1
DA:14,1
DA:15,1
DA:16,1
DA:17,1
DA:18,1
DA:19,1
DA:20,1
DA:21,1
DA:22,5
DA:23,5
DA:24,5
DA:25,5
DA:26,5
DA:27,5
DA:28,5
DA:29,5
DA:30,1
DA:31,1
DA:32,5
DA:33,1
DA:34,1
DA:35,4
DA:36,5
DA:37,5
DA:38,1
DA:39,1
DA:40,3
DA:41,3
DA:42,5
DA:43,5
DA:44,1
DA:45,1
DA:46,2
DA:47,2
DA:48,2
DA:49,2
DA:50,5
DA:51,1
DA:52,1
DA:53,1
DA:54,1
DA:55,5
DA:56,5
DA:57,1
LF:57
LH:57
BRDA:57,0,0,1
BRDA:57,1,0,2
BRDA:57,2,0,0
BRDA:57,3,0,1
BRDA:57,4,0,0
BRDA:57,5,0,0
BRDA:57,6,0,0
BRDA:57,7,0,0
BRDA:57,8,0,1
BRDA:57,9,0,3
BRDA:57,10,0,3
BRDA:57,11,0,5
BRDA:57,12,0,9
BRDA:57,13,0,0
BRDA:57,14,0,5
BRDA:57,15,0,9
BRDA:57,16,0,3
BRDA:57,17,0,10
BRDA:57,18,0,1
BRDA:57,19,0,9
BRDA:57,20,0,5
BRDA:57,21,0,9
BRDA:57,22,0,0
BRDA:57,23,0,15
BRDA:57,24,0,14
BRDA:57,25,0,14
BRDA:57,26,0,0
BRDA:57,27,0,28
BRDA:57,28,0,0
BRDA:57,29,0,0
BRDA:57,30,0,0
BRDA:57,31,0,0
BRDA:57,32,0,14
BRDA:57,33,0,14
BRDA:57,34,0,9
BRDA:57,35,0,0
BRDA:57,36,0,0
BRDA:57,37,0,5
BRDA:57,38,0,0
BRDA:57,39,0,1
BRDA:57,40,0,0
BRDA:57,41,0,0
BRDA:57,42,0,0
BRDA:57,43,0,0
BRDA:57,44,0,14
BRDA:57,45,0,4
BRDA:57,46,0,14
BRDA:57,47,0,5
BRDA:57,48,0,4
BRDA:57,49,0,1
BRDA:57,50,0,0
BRDA:57,51,0,2
BRDA:57,52,0,1
BRDA:57,53,0,1
BRDA:16,54,0,1
BRDA:21,55,0,5
BRDA:31,56,0,5
BRDA:57,57,0,5
BRDA:57,58,0,14
BRDA:57,59,0,5
BRDA:32,60,0,1
BRDA:34,61,0,4
BRDA:57,62,0,4
BRDA:37,63,0,1
BRDA:39,64,0,3
BRDA:57,65,0,3
BRDA:43,66,0,1
BRDA:45,67,0,2
BRDA:50,68,0,1
BRDA:57,69,0,1
BRDA:57,70,0,1
BRF:71
BRH:51
end_of_record
TN:
SF:src/modules/users/services/SendForgotPassword.ts
FN:53,__decorate
FN:53,__metadata
FN:53,__param
FN:53,__awaiter
FN:53,adopt
FN:53,fulfilled
FN:53,rejected
FN:53,step
FN:53,__generator
FN:53,sent
FN:53,g.<computed>
FN:53,verb
FN:53,step
FN:53,__importDefault
FN:20,SendForgotPassword
FN:30,SendForgotPassword.execute
FNF:16
FNH:14
FNDA:1,__decorate
FNDA:1,__metadata
FNDA:3,__param
FNDA:3,__awaiter
FNDA:5,adopt
FNDA:5,fulfilled
FNDA:0,rejected
FNDA:7,step
FNDA:3,__generator
FNDA:5,sent
FNDA:0,g.<computed>
FNDA:9,verb
FNDA:8,step
FNDA:2,__importDefault
FNDA:3,SendForgotPassword
FNDA:3,SendForgotPassword.execute
DA:1,1
DA:2,1
DA:3,1
DA:4,1
DA:5,1
DA:6,1
DA:7,1
DA:8,1
DA:9,1
DA:10,1
DA:11,1
DA:12,1
DA:13,1
DA:14,1
DA:15,1
DA:16,1
DA:17,1
DA:18,1
DA:19,1
DA:20,1
DA:21,3
DA:22,3
DA:23,3
DA:24,3
DA:25,3
DA:26,3
DA:27,3
DA:28,3
DA:29,1
DA:30,1
DA:31,3
DA:32,3
DA:33,3
DA:34,1
DA:35,1
DA:36,2
DA:37,3
DA:38,3
DA:39,3
DA:40,3
DA:41,3
DA:42,3
DA:43,3
DA:44,3
DA:45,3
DA:46,3
DA:47,3
DA:48,3
DA:49,3
DA:50,3
DA:51,3
DA:52,3
DA:53,1
LF:53
LH:53
BRDA:53,0,0,1
BRDA:53,1,0,1
BRDA:53,2,0,0
BRDA:53,3,0,0
BRDA:53,4,0,0
BRDA:53,5,0,0
BRDA:53,6,0,1
BRDA:53,7,0,3
BRDA:53,8,0,3
BRDA:53,9,0,3
BRDA:53,10,0,5
BRDA:53,11,0,0
BRDA:53,12,0,3
BRDA:53,13,0,5
BRDA:53,14,0,1
BRDA:53,15,0,7
BRDA:53,16,0,2
BRDA:53,17,0,5
BRDA:53,18,0,3
BRDA:53,19,0,5
BRDA:53,20,0,0
BRDA:53,21,0,9
BRDA:53,22,0,8
BRDA:53,23,0,8
BRDA:53,24,0,0
BRDA:53,25,0,16
BRDA:53,26,0,0
BRDA:53,27,0,0
BRDA:53,28,0,0
BRDA:53,29,0,0
BRDA:53,30,0,8
BRDA:53,31,0,8
BRDA:53,32,0,5
BRDA:53,33,0,0
BRDA:53,34,0,0
BRDA:53,35,0,3
BRDA:53,36,0,0
BRDA:53,37,0,2
BRDA:53,38,0,0
BRDA:53,39,0,0
BRDA:53,40,0,0
BRDA:53,41,0,0
BRDA:53,42,0,8
BRDA:53,43,0,1
BRDA:53,44,0,8
BRDA:53,45,0,3
BRDA:53,46,0,1
BRDA:53,47,0,2
BRDA:53,48,0,0
BRDA:53,49,0,2
BRDA:53,50,0,1
BRDA:53,51,0,1
BRDA:15,52,0,1
BRDA:20,53,0,3
BRDA:30,54,0,3
BRDA:53,55,0,3
BRDA:53,56,0,8
BRDA:31,57,0,3
BRDA:53,58,0,3
BRDA:33,59,0,1
BRDA:35,60,0,2
BRDA:53,61,0,2
BRDA:39,62,0,0
BRF:63
BRH:43
end_of_record
TN:
SF:src/modules/users/services/ShowProfile.ts
FN:28,__decorate
FN:28,__metadata
FN:28,__param
FN:28,__awaiter
FN:28,adopt
FN:28,fulfilled
FN:28,rejected
FN:28,step
FN:28,__generator
FN:28,sent
FN:28,g.<computed>
FN:28,verb
FN:28,step
FN:28,__importDefault
FN:15,ShowProfile
FN:19,ShowProfile.execute
FNF:16
FNH:14
FNDA:1,__decorate
FNDA:1,__metadata
FNDA:1,__param
FNDA:2,__awaiter
FNDA:2,adopt
FNDA:2,fulfilled
FNDA:0,rejected
FNDA:3,step
FNDA:2,__generator
FNDA:2,sent
FNDA:0,g.<computed>
FNDA:6,verb
FNDA:4,step
FNDA:1,__importDefault
FNDA:2,ShowProfile
FNDA:2,ShowProfile.execute
DA:1,1
DA:2,1
DA:3,1
DA:4,1
DA:5,1
DA:6,1
DA:7,1
DA:8,1
DA:9,1
DA:10,1
DA:11,1
DA:12,1
DA:13,1
DA:14,1
DA:15,1
DA:16,2
DA:17,2
DA:18,1
DA:19,1
DA:20,2
DA:21,2
DA:22,2
DA:23,1
DA:24,1
DA:25,1
DA:26,1
DA:27,2
DA:28,1
LF:28
LH:28
BRDA:28,0,0,1
BRDA:28,1,0,1
BRDA:28,2,0,0
BRDA:28,3,0,0
BRDA:28,4,0,0
BRDA:28,5,0,0
BRDA:28,6,0,1
BRDA:28,7,0,1
BRDA:28,8,0,1
BRDA:28,9,0,2
BRDA:28,10,0,2
BRDA:28,11,0,0
BRDA:28,12,0,2
BRDA:28,13,0,2
BRDA:28,14,0,1
BRDA:28,15,0,3
BRDA:28,16,0,1
BRDA:28,17,0,2
BRDA:28,18,0,2
BRDA:28,19,0,2
BRDA:28,20,0,0
BRDA:28,21,0,6
BRDA:28,22,0,4
BRDA:28,23,0,4
BRDA:28,24,0,0
BRDA:28,25,0,8
BRDA:28,26,0,0
BRDA:28,27,0,0
BRDA:28,28,0,0
BRDA:28,29,0,0
BRDA:28,30,0,4
BRDA:28,31,0,4
BRDA:28,32,0,2
BRDA:28,33,0,0
BRDA:28,34,0,0
BRDA:28,35,0,2
BRDA:28,36,0,0
BRDA:28,37,0,1
BRDA:28,38,0,0
BRDA:28,39,0,0
BRDA:28,40,0,0
BRDA:28,41,0,0
BRDA:28,42,0,4
BRDA:28,43,0,1
BRDA:28,44,0,4
BRDA:28,45,0,2
BRDA:28,46,0,1
BRDA:28,47,0,0
BRDA:28,48,0,1
BRDA:28,49,0,0
BRDA:12,50,0,1
BRDA:15,51,0,2
BRDA:19,52,0,2
BRDA:28,53,0,2
BRDA:28,54,0,4
BRDA:20,55,0,2
BRDA:28,56,0,2
BRDA:22,57,0,1
BRF:58
BRH:38
end_of_record
TN:
SF:src/modules/users/services/UpdateProfile.ts
FN:65,__assign
FN:65,__assign
FN:65,__decorate
FN:65,__metadata
FN:65,__param
FN:65,__awaiter
FN:65,adopt
FN:65,fulfilled
FN:65,rejected
FN:65,step
FN:65,__generator
FN:65,sent
FN:65,g.<computed>
FN:65,verb
FN:65,step
FN:65,__importDefault
FN:21,UpdateProfile
FN:29,UpdateProfile.execute
FNF:18
FNH:15
FNDA:2,__assign
FNDA:0,__assign
FNDA:1,__decorate
FNDA:1,__metadata
FNDA:2,__param
FNDA:6,__awaiter
FNDA:12,adopt
FNDA:12,fulfilled
FNDA:0,rejected
FNDA:14,step
FNDA:6,__generator
FNDA:12,sent
FNDA:0,g.<computed>
FNDA:18,verb
FNDA:18,step
FNDA:1,__importDefault
FNDA:6,UpdateProfile
FNDA:6,UpdateProfile.execute
DA:1,1
DA:2,1
DA:3,1
DA:4,1
DA:5,1
DA:6,1
DA:7,1
DA:8,1
DA:9,1
DA:10,1
DA:11,1
DA:12,1
DA:13,1
DA:14,1
DA:15,1
DA:16,1
DA:17,1
DA:18,1
DA:19,1
DA:20,1
DA:21,1
DA:22,6
DA:23,6
DA:24,6
DA:25,6
DA:26,6
DA:27,6
DA:28,1
DA:29,1
DA:30,6
DA:31,6
DA:32,6
DA:33,6
DA:34,6
DA:35,6
DA:36,6
DA:37,6
DA:38,6
DA:39,1
DA:40,1
DA:41,5
DA:42,5
DA:43,6
DA:44,6
DA:45,6
DA:46,6
DA:47,2
DA:48,2
DA:49,3
DA:50,6
DA:51,1
DA:52,1
DA:53,2
DA:54,2
DA:55,1
DA:56,6
DA:57,6
DA:58,6
DA:59,6
DA:60,6
DA:61,6
DA:62,6
DA:63,6
DA:64,6
DA:65,1
LF:65
LH:65
BRDA:65,0,0,1
BRDA:65,1,0,2
BRDA:65,2,0,0
BRDA:65,3,0,1
BRDA:65,4,0,0
BRDA:65,5,0,0
BRDA:65,6,0,0
BRDA:65,7,0,0
BRDA:65,8,0,1
BRDA:65,9,0,2
BRDA:65,10,0,2
BRDA:65,11,0,6
BRDA:65,12,0,12
BRDA:65,13,0,0
BRDA:65,14,0,6
BRDA:65,15,0,12
BRDA:65,16,0,4
BRDA:65,17,0,14
BRDA:65,18,0,2
BRDA:65,19,0,12
BRDA:65,20,0,6
BRDA:65,21,0,12
BRDA:65,22,0,0
BRDA:65,23,0,18
BRDA:65,24,0,18
BRDA:65,25,0,18
BRDA:65,26,0,0
BRDA:65,27,0,41
BRDA:65,28,0,0
BRDA:65,29,0,0
BRDA:65,30,0,0
BRDA:65,31,0,0
BRDA:65,32,0,18
BRDA:65,33,0,18
BRDA:65,34,0,12
BRDA:65,35,0,0
BRDA:65,36,0,0
BRDA:65,37,0,11
BRDA:65,38,0,0
BRDA:65,39,0,7
BRDA:65,40,0,6
BRDA:65,41,0,5
BRDA:65,42,0,0
BRDA:65,43,0,5
BRDA:65,44,0,0
BRDA:65,45,0,0
BRDA:65,46,0,0
BRDA:65,47,0,23
BRDA:65,48,0,4
BRDA:65,49,0,23
BRDA:65,50,0,6
BRDA:65,51,0,4
BRDA:65,52,0,2
BRDA:65,53,0,0
BRDA:65,54,0,1
BRDA:65,55,0,0
BRDA:17,56,0,1
BRDA:21,57,0,6
BRDA:29,58,0,6
BRDA:65,59,0,6
BRDA:65,60,0,23
BRDA:36,61,0,6
BRDA:65,62,0,6
BRDA:38,63,0,1
BRDA:40,64,0,5
BRDA:43,65,0,2
BRDA:43,66,0,3
BRDA:44,67,0,1
BRDA:44,68,0,2
BRDA:65,69,0,2
BRDA:65,70,0,3
BRDA:65,71,0,5
BRDA:46,72,0,2
BRDA:48,73,0,3
BRDA:50,74,0,0
BRDA:50,75,0,3
BRDA:50,76,0,0
BRDA:50,77,0,3
BRDA:65,78,0,3
BRDA:65,79,0,3
BRDA:50,80,0,1
BRDA:52,81,0,2
BRDA:54,82,0,1
BRDA:65,83,0,1
BRDA:65,84,0,1
BRDA:65,85,0,2
BRF:86
BRH:63
end_of_record
