{"/mnt/dados/nodejs/GoStack/semana_3/gobarber/web/src/components/Button/index.tsx": {"path":"/mnt/dados/nodejs/GoStack/semana_3/gobarber/web/src/components/Button/index.tsx","statementMap":{"0":{"start":{"line":9,"column":38},"end":{"line":11,"column":1}},"1":{"start":{"line":10,"column":2},"end":{"line":10,"column":72}}},"fnMap":{"0":{"name":"(anonymous_0)","decl":{"start":{"line":9,"column":38},"end":{"line":9,"column":39}},"loc":{"start":{"line":10,"column":2},"end":{"line":10,"column":72}},"line":10}},"branchMap":{"0":{"loc":{"start":{"line":10,"column":26},"end":{"line":10,"column":59}},"type":"cond-expr","locations":[{"start":{"line":10,"column":36},"end":{"line":10,"column":48}},{"start":{"line":10,"column":51},"end":{"line":10,"column":59}}],"line":10}},"s":{"0":1,"1":1},"f":{"0":1},"b":{"0":[0,1]},"_coverageSchema":"43e27e138ebf9cfc5966b082cf9a028302ed4184","hash":"d2a5413a736178c5e2eba961fae46ea54ff2077c"}
,"/mnt/dados/nodejs/GoStack/semana_3/gobarber/web/src/components/Input/index.tsx": {"path":"/mnt/dados/nodejs/GoStack/semana_3/gobarber/web/src/components/Input/index.tsx","statementMap":{"0":{"start":{"line":19,"column":36},"end":{"line":69,"column":1}},"1":{"start":{"line":25,"column":36},"end":{"line":25,"column":51}},"2":{"start":{"line":26,"column":34},"end":{"line":26,"column":49}},"3":{"start":{"line":28,"column":19},"end":{"line":28,"column":49}},"4":{"start":{"line":30,"column":60},"end":{"line":30,"column":74}},"5":{"start":{"line":32,"column":26},"end":{"line":35,"column":8}},"6":{"start":{"line":33,"column":4},"end":{"line":33,"column":24}},"7":{"start":{"line":34,"column":4},"end":{"line":34,"column":43}},"8":{"start":{"line":37,"column":22},"end":{"line":39,"column":8}},"9":{"start":{"line":38,"column":4},"end":{"line":38,"column":23}},"10":{"start":{"line":41,"column":2},"end":{"line":47,"column":33}},"11":{"start":{"line":42,"column":4},"end":{"line":46,"column":7}},"12":{"start":{"line":49,"column":2},"end":{"line":68,"column":4}}},"fnMap":{"0":{"name":"(anonymous_0)","decl":{"start":{"line":19,"column":36},"end":{"line":19,"column":37}},"loc":{"start":{"line":24,"column":6},"end":{"line":69,"column":1}},"line":24},"1":{"name":"(anonymous_1)","decl":{"start":{"line":32,"column":38},"end":{"line":32,"column":39}},"loc":{"start":{"line":32,"column":44},"end":{"line":35,"column":3}},"line":32},"2":{"name":"(anonymous_2)","decl":{"start":{"line":37,"column":34},"end":{"line":37,"column":35}},"loc":{"start":{"line":37,"column":40},"end":{"line":39,"column":3}},"line":37},"3":{"name":"(anonymous_3)","decl":{"start":{"line":41,"column":12},"end":{"line":41,"column":13}},"loc":{"start":{"line":41,"column":18},"end":{"line":47,"column":3}},"line":41}},"branchMap":{"0":{"loc":{"start":{"line":51,"column":7},"end":{"line":51,"column":33}},"type":"binary-expr","locations":[{"start":{"line":51,"column":7},"end":{"line":51,"column":11}},{"start":{"line":51,"column":15},"end":{"line":51,"column":33}}],"line":51},"1":{"loc":{"start":{"line":62,"column":7},"end":{"line":66,"column":7}},"type":"binary-expr","locations":[{"start":{"line":62,"column":7},"end":{"line":62,"column":12}},{"start":{"line":63,"column":8},"end":{"line":65,"column":16}}],"line":62}},"s":{"0":1,"1":4,"2":4,"3":4,"4":4,"5":4,"6":0,"7":0,"8":4,"9":0,"10":4,"11":2,"12":4},"f":{"0":4,"1":0,"2":0,"3":2},"b":{"0":[4,4],"1":[4,0]},"_coverageSchema":"43e27e138ebf9cfc5966b082cf9a028302ed4184","hash":"b918e1183ee934e76c4c44f6ea35a60f68196ca9"}
,"/mnt/dados/nodejs/GoStack/semana_3/gobarber/web/src/components/ToastContainer/index.tsx": {"path":"/mnt/dados/nodejs/GoStack/semana_3/gobarber/web/src/components/ToastContainer/index.tsx","statementMap":{"0":{"start":{"line":13,"column":55},"end":{"line":31,"column":1}},"1":{"start":{"line":14,"column":27},"end":{"line":18,"column":3}},"2":{"start":{"line":19,"column":34},"end":{"line":23,"column":3}},"3":{"start":{"line":21,"column":16},"end":{"line":21,"column":27}},"4":{"start":{"line":24,"column":2},"end":{"line":30,"column":3}},"5":{"start":{"line":27,"column":8},"end":{"line":27,"column":56}}},"fnMap":{"0":{"name":"(anonymous_0)","decl":{"start":{"line":13,"column":55},"end":{"line":13,"column":56}},"loc":{"start":{"line":13,"column":73},"end":{"line":31,"column":1}},"line":13},"1":{"name":"(anonymous_1)","decl":{"start":{"line":21,"column":4},"end":{"line":21,"column":5}},"loc":{"start":{"line":21,"column":16},"end":{"line":21,"column":27}},"line":21},"2":{"name":"(anonymous_2)","decl":{"start":{"line":26,"column":35},"end":{"line":26,"column":36}},"loc":{"start":{"line":27,"column":8},"end":{"line":27,"column":56}},"line":27}},"branchMap":{},"s":{"0":1,"1":0,"2":0,"3":0,"4":0,"5":0},"f":{"0":0,"1":0,"2":0},"b":{},"_coverageSchema":"43e27e138ebf9cfc5966b082cf9a028302ed4184","hash":"ff7950f2b6aa344b2888346281634611790c4ad5"}
,"/mnt/dados/nodejs/GoStack/semana_3/gobarber/web/src/components/ToastContainer/Toast/index.tsx": {"path":"/mnt/dados/nodejs/GoStack/semana_3/gobarber/web/src/components/ToastContainer/Toast/index.tsx","statementMap":{"0":{"start":{"line":13,"column":14},"end":{"line":17,"column":1}},"1":{"start":{"line":23,"column":36},"end":{"line":55,"column":1}},"2":{"start":{"line":24,"column":26},"end":{"line":24,"column":43}},"3":{"start":{"line":26,"column":2},"end":{"line":34,"column":32}},"4":{"start":{"line":27,"column":18},"end":{"line":29,"column":12}},"5":{"start":{"line":28,"column":6},"end":{"line":28,"column":30}},"6":{"start":{"line":31,"column":4},"end":{"line":33,"column":6}},"7":{"start":{"line":32,"column":6},"end":{"line":32,"column":26}},"8":{"start":{"line":36,"column":2},"end":{"line":54,"column":4}},"9":{"start":{"line":51,"column":44},"end":{"line":51,"column":67}}},"fnMap":{"0":{"name":"(anonymous_0)","decl":{"start":{"line":23,"column":36},"end":{"line":23,"column":37}},"loc":{"start":{"line":23,"column":60},"end":{"line":55,"column":1}},"line":23},"1":{"name":"(anonymous_1)","decl":{"start":{"line":26,"column":12},"end":{"line":26,"column":13}},"loc":{"start":{"line":26,"column":18},"end":{"line":34,"column":3}},"line":26},"2":{"name":"(anonymous_2)","decl":{"start":{"line":27,"column":29},"end":{"line":27,"column":30}},"loc":{"start":{"line":27,"column":35},"end":{"line":29,"column":5}},"line":27},"3":{"name":"(anonymous_3)","decl":{"start":{"line":31,"column":11},"end":{"line":31,"column":12}},"loc":{"start":{"line":31,"column":17},"end":{"line":33,"column":5}},"line":31},"4":{"name":"(anonymous_4)","decl":{"start":{"line":51,"column":38},"end":{"line":51,"column":39}},"loc":{"start":{"line":51,"column":44},"end":{"line":51,"column":67}},"line":51}},"branchMap":{"0":{"loc":{"start":{"line":43,"column":13},"end":{"line":43,"column":35}},"type":"binary-expr","locations":[{"start":{"line":43,"column":13},"end":{"line":43,"column":25}},{"start":{"line":43,"column":29},"end":{"line":43,"column":35}}],"line":43},"1":{"loc":{"start":{"line":47,"column":9},"end":{"line":47,"column":62}},"type":"binary-expr","locations":[{"start":{"line":47,"column":9},"end":{"line":47,"column":30}},{"start":{"line":47,"column":34},"end":{"line":47,"column":62}}],"line":47}},"s":{"0":1,"1":1,"2":0,"3":0,"4":0,"5":0,"6":0,"7":0,"8":0,"9":0},"f":{"0":0,"1":0,"2":0,"3":0,"4":0},"b":{"0":[0,0],"1":[0,0]},"_coverageSchema":"43e27e138ebf9cfc5966b082cf9a028302ed4184","hash":"344c07e1a632f64528aac81bb00992fb71ddde74"}
,"/mnt/dados/nodejs/GoStack/semana_3/gobarber/web/src/components/Tooltip/index.tsx": {"path":"/mnt/dados/nodejs/GoStack/semana_3/gobarber/web/src/components/Tooltip/index.tsx","statementMap":{"0":{"start":{"line":9,"column":40},"end":{"line":20,"column":1}},"1":{"start":{"line":14,"column":2},"end":{"line":19,"column":4}}},"fnMap":{"0":{"name":"(anonymous_0)","decl":{"start":{"line":9,"column":40},"end":{"line":9,"column":41}},"loc":{"start":{"line":13,"column":6},"end":{"line":20,"column":1}},"line":13}},"branchMap":{"0":{"loc":{"start":{"line":10,"column":2},"end":{"line":10,"column":16}},"type":"default-arg","locations":[{"start":{"line":10,"column":14},"end":{"line":10,"column":16}}],"line":10}},"s":{"0":1,"1":0},"f":{"0":0},"b":{"0":[0]},"_coverageSchema":"43e27e138ebf9cfc5966b082cf9a028302ed4184","hash":"7c9b1cb7837b95176064f8d74c82d2cc6a52d740"}
,"/mnt/dados/nodejs/GoStack/semana_3/gobarber/web/src/pages/Dashboard/index.tsx": {"path":"/mnt/dados/nodejs/GoStack/semana_3/gobarber/web/src/pages/Dashboard/index.tsx","statementMap":{"0":{"start":{"line":42,"column":28},"end":{"line":266,"column":1}},"1":{"start":{"line":43,"column":28},"end":{"line":43,"column":44}},"2":{"start":{"line":44,"column":42},"end":{"line":44,"column":70}},"3":{"start":{"line":45,"column":42},"end":{"line":45,"column":62}},"4":{"start":{"line":46,"column":42},"end":{"line":46,"column":62}},"5":{"start":{"line":47,"column":48},"end":{"line":49,"column":3}},"6":{"start":{"line":51,"column":29},"end":{"line":55,"column":20}},"7":{"start":{"line":52,"column":4},"end":{"line":54,"column":7}},"8":{"start":{"line":57,"column":26},"end":{"line":61,"column":20}},"9":{"start":{"line":58,"column":4},"end":{"line":60,"column":7}},"10":{"start":{"line":63,"column":26},"end":{"line":68,"column":20}},"11":{"start":{"line":64,"column":23},"end":{"line":64,"column":33}},"12":{"start":{"line":65,"column":4},"end":{"line":67,"column":7}},"13":{"start":{"line":66,"column":6},"end":{"line":66,"column":54}},"14":{"start":{"line":70,"column":30},"end":{"line":74,"column":20}},"15":{"start":{"line":71,"column":4},"end":{"line":73,"column":7}},"16":{"start":{"line":72,"column":6},"end":{"line":72,"column":56}},"17":{"start":{"line":76,"column":32},"end":{"line":80,"column":20}},"18":{"start":{"line":77,"column":4},"end":{"line":79,"column":7}},"19":{"start":{"line":78,"column":6},"end":{"line":78,"column":57}},"20":{"start":{"line":82,"column":27},"end":{"line":86,"column":8}},"21":{"start":{"line":83,"column":4},"end":{"line":85,"column":5}},"22":{"start":{"line":84,"column":6},"end":{"line":84,"column":27}},"23":{"start":{"line":88,"column":28},"end":{"line":90,"column":8}},"24":{"start":{"line":89,"column":4},"end":{"line":89,"column":27}},"25":{"start":{"line":92,"column":22},"end":{"line":102,"column":37}},"26":{"start":{"line":93,"column":18},"end":{"line":99,"column":8}},"27":{"start":{"line":94,"column":33},"end":{"line":94,"column":43}},"28":{"start":{"line":96,"column":21},"end":{"line":96,"column":47}},"29":{"start":{"line":97,"column":22},"end":{"line":97,"column":45}},"30":{"start":{"line":98,"column":8},"end":{"line":98,"column":51}},"31":{"start":{"line":101,"column":4},"end":{"line":101,"column":17}},"32":{"start":{"line":104,"column":2},"end":{"line":115,"column":30}},"33":{"start":{"line":105,"column":4},"end":{"line":114,"column":9}},"34":{"start":{"line":113,"column":8},"end":{"line":113,"column":33}},"35":{"start":{"line":117,"column":2},"end":{"line":135,"column":21}},"36":{"start":{"line":118,"column":4},"end":{"line":134,"column":9}},"37":{"start":{"line":127,"column":37},"end":{"line":132,"column":10}},"38":{"start":{"line":128,"column":10},"end":{"line":131,"column":12}},"39":{"start":{"line":133,"column":8},"end":{"line":133,"column":46}},"40":{"start":{"line":137,"column":2},"end":{"line":265,"column":4}},"41":{"start":{"line":194,"column":16},"end":{"line":207,"column":30}},"42":{"start":{"line":218,"column":16},"end":{"line":231,"column":30}}},"fnMap":{"0":{"name":"(anonymous_0)","decl":{"start":{"line":42,"column":28},"end":{"line":42,"column":29}},"loc":{"start":{"line":42,"column":34},"end":{"line":266,"column":1}},"line":42},"1":{"name":"(anonymous_1)","decl":{"start":{"line":51,"column":37},"end":{"line":51,"column":38}},"loc":{"start":{"line":51,"column":43},"end":{"line":55,"column":3}},"line":51},"2":{"name":"(anonymous_2)","decl":{"start":{"line":57,"column":34},"end":{"line":57,"column":35}},"loc":{"start":{"line":57,"column":40},"end":{"line":61,"column":3}},"line":57},"3":{"name":"(anonymous_3)","decl":{"start":{"line":63,"column":34},"end":{"line":63,"column":35}},"loc":{"start":{"line":63,"column":40},"end":{"line":68,"column":3}},"line":63},"4":{"name":"(anonymous_4)","decl":{"start":{"line":65,"column":29},"end":{"line":65,"column":30}},"loc":{"start":{"line":65,"column":46},"end":{"line":67,"column":5}},"line":65},"5":{"name":"(anonymous_5)","decl":{"start":{"line":70,"column":38},"end":{"line":70,"column":39}},"loc":{"start":{"line":70,"column":44},"end":{"line":74,"column":3}},"line":70},"6":{"name":"(anonymous_6)","decl":{"start":{"line":71,"column":31},"end":{"line":71,"column":32}},"loc":{"start":{"line":71,"column":48},"end":{"line":73,"column":5}},"line":71},"7":{"name":"(anonymous_7)","decl":{"start":{"line":76,"column":40},"end":{"line":76,"column":41}},"loc":{"start":{"line":76,"column":46},"end":{"line":80,"column":3}},"line":76},"8":{"name":"(anonymous_8)","decl":{"start":{"line":77,"column":31},"end":{"line":77,"column":32}},"loc":{"start":{"line":77,"column":48},"end":{"line":79,"column":5}},"line":77},"9":{"name":"(anonymous_9)","decl":{"start":{"line":82,"column":39},"end":{"line":82,"column":40}},"loc":{"start":{"line":82,"column":79},"end":{"line":86,"column":3}},"line":82},"10":{"name":"(anonymous_10)","decl":{"start":{"line":88,"column":40},"end":{"line":88,"column":41}},"loc":{"start":{"line":88,"column":57},"end":{"line":90,"column":3}},"line":88},"11":{"name":"(anonymous_11)","decl":{"start":{"line":92,"column":30},"end":{"line":92,"column":31}},"loc":{"start":{"line":92,"column":36},"end":{"line":102,"column":3}},"line":92},"12":{"name":"(anonymous_12)","decl":{"start":{"line":94,"column":14},"end":{"line":94,"column":15}},"loc":{"start":{"line":94,"column":33},"end":{"line":94,"column":43}},"line":94},"13":{"name":"(anonymous_13)","decl":{"start":{"line":95,"column":11},"end":{"line":95,"column":12}},"loc":{"start":{"line":95,"column":25},"end":{"line":99,"column":7}},"line":95},"14":{"name":"(anonymous_14)","decl":{"start":{"line":104,"column":12},"end":{"line":104,"column":13}},"loc":{"start":{"line":104,"column":18},"end":{"line":115,"column":3}},"line":104},"15":{"name":"(anonymous_15)","decl":{"start":{"line":112,"column":12},"end":{"line":112,"column":13}},"loc":{"start":{"line":112,"column":26},"end":{"line":114,"column":7}},"line":112},"16":{"name":"(anonymous_16)","decl":{"start":{"line":117,"column":12},"end":{"line":117,"column":13}},"loc":{"start":{"line":117,"column":18},"end":{"line":135,"column":3}},"line":117},"17":{"name":"(anonymous_17)","decl":{"start":{"line":126,"column":12},"end":{"line":126,"column":13}},"loc":{"start":{"line":126,"column":26},"end":{"line":134,"column":7}},"line":126},"18":{"name":"(anonymous_18)","decl":{"start":{"line":127,"column":46},"end":{"line":127,"column":47}},"loc":{"start":{"line":127,"column":63},"end":{"line":132,"column":9}},"line":127},"19":{"name":"(anonymous_19)","decl":{"start":{"line":193,"column":38},"end":{"line":193,"column":39}},"loc":{"start":{"line":194,"column":16},"end":{"line":207,"column":30}},"line":194},"20":{"name":"(anonymous_20)","decl":{"start":{"line":217,"column":40},"end":{"line":217,"column":41}},"loc":{"start":{"line":218,"column":16},"end":{"line":231,"column":30}},"line":218}},"branchMap":{"0":{"loc":{"start":{"line":83,"column":4},"end":{"line":85,"column":5}},"type":"if","locations":[{"start":{"line":83,"column":4},"end":{"line":85,"column":5}},{"start":{"line":83,"column":4},"end":{"line":85,"column":5}}],"line":83},"1":{"loc":{"start":{"line":83,"column":8},"end":{"line":83,"column":50}},"type":"binary-expr","locations":[{"start":{"line":83,"column":8},"end":{"line":83,"column":27}},{"start":{"line":83,"column":31},"end":{"line":83,"column":50}}],"line":83},"2":{"loc":{"start":{"line":164,"column":13},"end":{"line":164,"column":61}},"type":"cond-expr","locations":[{"start":{"line":164,"column":37},"end":{"line":164,"column":54}},{"start":{"line":164,"column":57},"end":{"line":164,"column":61}}],"line":164},"3":{"loc":{"start":{"line":169,"column":11},"end":{"line":185,"column":18}},"type":"cond-expr","locations":[{"start":{"line":170,"column":12},"end":{"line":184,"column":30}},{"start":{"line":185,"column":14},"end":{"line":185,"column":18}}],"line":169},"4":{"loc":{"start":{"line":169,"column":11},"end":{"line":169,"column":51}},"type":"binary-expr","locations":[{"start":{"line":169,"column":11},"end":{"line":169,"column":32}},{"start":{"line":169,"column":36},"end":{"line":169,"column":51}}],"line":169},"5":{"loc":{"start":{"line":190,"column":13},"end":{"line":209,"column":13}},"type":"cond-expr","locations":[{"start":{"line":191,"column":14},"end":{"line":191,"column":59}},{"start":{"line":193,"column":14},"end":{"line":208,"column":16}}],"line":190},"6":{"loc":{"start":{"line":214,"column":13},"end":{"line":233,"column":13}},"type":"cond-expr","locations":[{"start":{"line":215,"column":14},"end":{"line":215,"column":59}},{"start":{"line":217,"column":14},"end":{"line":232,"column":16}}],"line":214}},"s":{"0":0,"1":0,"2":0,"3":0,"4":0,"5":0,"6":0,"7":0,"8":0,"9":0,"10":0,"11":0,"12":0,"13":0,"14":0,"15":0,"16":0,"17":0,"18":0,"19":0,"20":0,"21":0,"22":0,"23":0,"24":0,"25":0,"26":0,"27":0,"28":0,"29":0,"30":0,"31":0,"32":0,"33":0,"34":0,"35":0,"36":0,"37":0,"38":0,"39":0,"40":0,"41":0,"42":0},"f":{"0":0,"1":0,"2":0,"3":0,"4":0,"5":0,"6":0,"7":0,"8":0,"9":0,"10":0,"11":0,"12":0,"13":0,"14":0,"15":0,"16":0,"17":0,"18":0,"19":0,"20":0},"b":{"0":[0,0],"1":[0,0],"2":[0,0],"3":[0,0],"4":[0,0],"5":[0,0],"6":[0,0]},"hash":"60751d395ebcc33cbafb98688f8664e4785fb9e0"}
,"/mnt/dados/nodejs/GoStack/semana_3/gobarber/web/src/pages/ForgotPassword/index.tsx": {"path":"/mnt/dados/nodejs/GoStack/semana_3/gobarber/web/src/pages/ForgotPassword/index.tsx","statementMap":{"0":{"start":{"line":21,"column":33},"end":{"line":103,"column":1}},"1":{"start":{"line":22,"column":32},"end":{"line":22,"column":47}},"2":{"start":{"line":23,"column":18},"end":{"line":23,"column":43}},"3":{"start":{"line":24,"column":23},"end":{"line":24,"column":40}},"4":{"start":{"line":26,"column":23},"end":{"line":69,"column":3}},"5":{"start":{"line":28,"column":6},"end":{"line":28,"column":37}},"6":{"start":{"line":29,"column":21},"end":{"line":33,"column":8}},"7":{"start":{"line":35,"column":6},"end":{"line":66,"column":7}},"8":{"start":{"line":36,"column":8},"end":{"line":36,"column":25}},"9":{"start":{"line":37,"column":8},"end":{"line":39,"column":11}},"10":{"start":{"line":41,"column":8},"end":{"line":43,"column":11}},"11":{"start":{"line":44,"column":8},"end":{"line":49,"column":11}},"12":{"start":{"line":51,"column":8},"end":{"line":56,"column":9}},"13":{"start":{"line":52,"column":25},"end":{"line":52,"column":51}},"14":{"start":{"line":53,"column":10},"end":{"line":53,"column":45}},"15":{"start":{"line":55,"column":10},"end":{"line":55,"column":17}},"16":{"start":{"line":58,"column":8},"end":{"line":63,"column":11}},"17":{"start":{"line":65,"column":8},"end":{"line":65,"column":26}},"18":{"start":{"line":71,"column":2},"end":{"line":102,"column":4}}},"fnMap":{"0":{"name":"(anonymous_0)","decl":{"start":{"line":21,"column":33},"end":{"line":21,"column":34}},"loc":{"start":{"line":21,"column":39},"end":{"line":103,"column":1}},"line":21},"1":{"name":"(anonymous_1)","decl":{"start":{"line":27,"column":4},"end":{"line":27,"column":5}},"loc":{"start":{"line":27,"column":35},"end":{"line":67,"column":5}},"line":27}},"branchMap":{"0":{"loc":{"start":{"line":51,"column":8},"end":{"line":56,"column":9}},"type":"if","locations":[{"start":{"line":51,"column":8},"end":{"line":56,"column":9}},{"start":{"line":51,"column":8},"end":{"line":56,"column":9}}],"line":51}},"s":{"0":0,"1":0,"2":0,"3":0,"4":0,"5":0,"6":0,"7":0,"8":0,"9":0,"10":0,"11":0,"12":0,"13":0,"14":0,"15":0,"16":0,"17":0,"18":0},"f":{"0":0,"1":0},"b":{"0":[0,0]},"hash":"bad93ad21e70b8c6bae18405f9a887024ccd294f"}
,"/mnt/dados/nodejs/GoStack/semana_3/gobarber/web/src/pages/Profile/index.tsx": {"path":"/mnt/dados/nodejs/GoStack/semana_3/gobarber/web/src/pages/Profile/index.tsx","statementMap":{"0":{"start":{"line":28,"column":26},"end":{"line":188,"column":1}},"1":{"start":{"line":29,"column":31},"end":{"line":29,"column":47}},"2":{"start":{"line":30,"column":18},"end":{"line":30,"column":43}},"3":{"start":{"line":31,"column":23},"end":{"line":31,"column":40}},"4":{"start":{"line":32,"column":18},"end":{"line":32,"column":30}},"5":{"start":{"line":34,"column":29},"end":{"line":50,"column":3}},"6":{"start":{"line":36,"column":6},"end":{"line":47,"column":7}},"7":{"start":{"line":37,"column":21},"end":{"line":37,"column":35}},"8":{"start":{"line":38,"column":8},"end":{"line":38,"column":53}},"9":{"start":{"line":40,"column":8},"end":{"line":46,"column":11}},"10":{"start":{"line":41,"column":10},"end":{"line":44,"column":13}},"11":{"start":{"line":45,"column":10},"end":{"line":45,"column":27}},"12":{"start":{"line":52,"column":23},"end":{"line":132,"column":3}},"13":{"start":{"line":54,"column":6},"end":{"line":54,"column":37}},"14":{"start":{"line":55,"column":21},"end":{"line":73,"column":8}},"15":{"start":{"line":75,"column":6},"end":{"line":84,"column":7}},"16":{"start":{"line":76,"column":8},"end":{"line":78,"column":11}},"17":{"start":{"line":80,"column":23},"end":{"line":80,"column":49}},"18":{"start":{"line":81,"column":8},"end":{"line":81,"column":43}},"19":{"start":{"line":82,"column":8},"end":{"line":82,"column":29}},"20":{"start":{"line":83,"column":8},"end":{"line":83,"column":15}},"21":{"start":{"line":86,"column":6},"end":{"line":129,"column":7}},"22":{"start":{"line":93,"column":12},"end":{"line":93,"column":16}},"23":{"start":{"line":94,"column":25},"end":{"line":106,"column":9}},"24":{"start":{"line":107,"column":8},"end":{"line":107,"column":44}},"25":{"start":{"line":108,"column":8},"end":{"line":112,"column":11}},"26":{"start":{"line":114,"column":8},"end":{"line":118,"column":11}},"27":{"start":{"line":119,"column":8},"end":{"line":119,"column":26}},"28":{"start":{"line":121,"column":25},"end":{"line":121,"column":39}},"29":{"start":{"line":122,"column":28},"end":{"line":122,"column":32}},"30":{"start":{"line":123,"column":8},"end":{"line":128,"column":11}},"31":{"start":{"line":134,"column":2},"end":{"line":187,"column":4}}},"fnMap":{"0":{"name":"(anonymous_0)","decl":{"start":{"line":28,"column":26},"end":{"line":28,"column":27}},"loc":{"start":{"line":28,"column":32},"end":{"line":188,"column":1}},"line":28},"1":{"name":"(anonymous_1)","decl":{"start":{"line":35,"column":4},"end":{"line":35,"column":5}},"loc":{"start":{"line":35,"column":46},"end":{"line":48,"column":5}},"line":35},"2":{"name":"(anonymous_2)","decl":{"start":{"line":40,"column":46},"end":{"line":40,"column":47}},"loc":{"start":{"line":40,"column":60},"end":{"line":46,"column":9}},"line":40},"3":{"name":"(anonymous_3)","decl":{"start":{"line":53,"column":4},"end":{"line":53,"column":5}},"loc":{"start":{"line":53,"column":48},"end":{"line":130,"column":5}},"line":53}},"branchMap":{"0":{"loc":{"start":{"line":36,"column":6},"end":{"line":47,"column":7}},"type":"if","locations":[{"start":{"line":36,"column":6},"end":{"line":47,"column":7}},{"start":{"line":36,"column":6},"end":{"line":47,"column":7}}],"line":36},"1":{"loc":{"start":{"line":99,"column":10},"end":{"line":105,"column":16}},"type":"cond-expr","locations":[{"start":{"line":100,"column":14},"end":{"line":104,"column":15}},{"start":{"line":105,"column":14},"end":{"line":105,"column":16}}],"line":99},"2":{"loc":{"start":{"line":116,"column":16},"end":{"line":116,"column":39}},"type":"binary-expr","locations":[{"start":{"line":116,"column":16},"end":{"line":116,"column":26}},{"start":{"line":116,"column":30},"end":{"line":116,"column":39}}],"line":116},"3":{"loc":{"start":{"line":117,"column":17},"end":{"line":117,"column":42}},"type":"binary-expr","locations":[{"start":{"line":117,"column":17},"end":{"line":117,"column":28}},{"start":{"line":117,"column":32},"end":{"line":117,"column":42}}],"line":117}},"s":{"0":0,"1":0,"2":0,"3":0,"4":0,"5":0,"6":0,"7":0,"8":0,"9":0,"10":0,"11":0,"12":0,"13":0,"14":0,"15":0,"16":0,"17":0,"18":0,"19":0,"20":0,"21":0,"22":0,"23":0,"24":0,"25":0,"26":0,"27":0,"28":0,"29":0,"30":0,"31":0},"f":{"0":0,"1":0,"2":0,"3":0},"b":{"0":[0,0],"1":[0,0],"2":[0,0],"3":[0,0]},"hash":"43fd0217e4515e25a81d596ce5d3e45612e7a40d"}
,"/mnt/dados/nodejs/GoStack/semana_3/gobarber/web/src/pages/ResetPassword/index.tsx": {"path":"/mnt/dados/nodejs/GoStack/semana_3/gobarber/web/src/pages/ResetPassword/index.tsx","statementMap":{"0":{"start":{"line":25,"column":32},"end":{"line":114,"column":1}},"1":{"start":{"line":26,"column":18},"end":{"line":26,"column":30}},"2":{"start":{"line":27,"column":19},"end":{"line":27,"column":32}},"3":{"start":{"line":29,"column":18},"end":{"line":29,"column":43}},"4":{"start":{"line":30,"column":23},"end":{"line":30,"column":40}},"5":{"start":{"line":32,"column":23},"end":{"line":82,"column":3}},"6":{"start":{"line":34,"column":6},"end":{"line":34,"column":37}},"7":{"start":{"line":35,"column":21},"end":{"line":41,"column":8}},"8":{"start":{"line":43,"column":6},"end":{"line":79,"column":7}},"9":{"start":{"line":44,"column":8},"end":{"line":46,"column":11}},"10":{"start":{"line":48,"column":52},"end":{"line":48,"column":56}},"11":{"start":{"line":49,"column":22},"end":{"line":49,"column":60}},"12":{"start":{"line":51,"column":8},"end":{"line":58,"column":9}},"13":{"start":{"line":52,"column":10},"end":{"line":56,"column":13}},"14":{"start":{"line":57,"column":10},"end":{"line":57,"column":17}},"15":{"start":{"line":60,"column":8},"end":{"line":64,"column":11}},"16":{"start":{"line":66,"column":8},"end":{"line":66,"column":26}},"17":{"start":{"line":68,"column":8},"end":{"line":72,"column":9}},"18":{"start":{"line":69,"column":25},"end":{"line":69,"column":51}},"19":{"start":{"line":70,"column":10},"end":{"line":70,"column":45}},"20":{"start":{"line":71,"column":10},"end":{"line":71,"column":17}},"21":{"start":{"line":74,"column":8},"end":{"line":78,"column":11}},"22":{"start":{"line":84,"column":2},"end":{"line":113,"column":4}}},"fnMap":{"0":{"name":"(anonymous_0)","decl":{"start":{"line":25,"column":32},"end":{"line":25,"column":33}},"loc":{"start":{"line":25,"column":38},"end":{"line":114,"column":1}},"line":25},"1":{"name":"(anonymous_1)","decl":{"start":{"line":33,"column":4},"end":{"line":33,"column":5}},"loc":{"start":{"line":33,"column":54},"end":{"line":80,"column":5}},"line":33}},"branchMap":{"0":{"loc":{"start":{"line":51,"column":8},"end":{"line":58,"column":9}},"type":"if","locations":[{"start":{"line":51,"column":8},"end":{"line":58,"column":9}},{"start":{"line":51,"column":8},"end":{"line":58,"column":9}}],"line":51},"1":{"loc":{"start":{"line":68,"column":8},"end":{"line":72,"column":9}},"type":"if","locations":[{"start":{"line":68,"column":8},"end":{"line":72,"column":9}},{"start":{"line":68,"column":8},"end":{"line":72,"column":9}}],"line":68}},"s":{"0":0,"1":0,"2":0,"3":0,"4":0,"5":0,"6":0,"7":0,"8":0,"9":0,"10":0,"11":0,"12":0,"13":0,"14":0,"15":0,"16":0,"17":0,"18":0,"19":0,"20":0,"21":0,"22":0},"f":{"0":0,"1":0},"b":{"0":[0,0],"1":[0,0]},"hash":"6d2da4cdc3bba7751473ca83359c8e3b6369f6aa"}
,"/mnt/dados/nodejs/GoStack/semana_3/gobarber/web/src/pages/Signin/index.tsx": {"path":"/mnt/dados/nodejs/GoStack/semana_3/gobarber/web/src/pages/Signin/index.tsx","statementMap":{"0":{"start":{"line":21,"column":25},"end":{"line":101,"column":1}},"1":{"start":{"line":22,"column":18},"end":{"line":22,"column":43}},"2":{"start":{"line":23,"column":18},"end":{"line":23,"column":30}},"3":{"start":{"line":24,"column":21},"end":{"line":24,"column":37}},"4":{"start":{"line":25,"column":23},"end":{"line":25,"column":40}},"5":{"start":{"line":27,"column":23},"end":{"line":63,"column":3}},"6":{"start":{"line":29,"column":6},"end":{"line":29,"column":37}},"7":{"start":{"line":30,"column":21},"end":{"line":35,"column":8}},"8":{"start":{"line":37,"column":6},"end":{"line":60,"column":7}},"9":{"start":{"line":38,"column":8},"end":{"line":40,"column":11}},"10":{"start":{"line":41,"column":8},"end":{"line":44,"column":11}},"11":{"start":{"line":46,"column":8},"end":{"line":46,"column":35}},"12":{"start":{"line":48,"column":8},"end":{"line":53,"column":9}},"13":{"start":{"line":49,"column":25},"end":{"line":49,"column":51}},"14":{"start":{"line":50,"column":10},"end":{"line":50,"column":45}},"15":{"start":{"line":52,"column":10},"end":{"line":52,"column":17}},"16":{"start":{"line":55,"column":8},"end":{"line":59,"column":11}},"17":{"start":{"line":65,"column":2},"end":{"line":100,"column":4}}},"fnMap":{"0":{"name":"(anonymous_0)","decl":{"start":{"line":21,"column":25},"end":{"line":21,"column":26}},"loc":{"start":{"line":21,"column":31},"end":{"line":101,"column":1}},"line":21},"1":{"name":"(anonymous_1)","decl":{"start":{"line":28,"column":4},"end":{"line":28,"column":5}},"loc":{"start":{"line":28,"column":35},"end":{"line":61,"column":5}},"line":28}},"branchMap":{"0":{"loc":{"start":{"line":48,"column":8},"end":{"line":53,"column":9}},"type":"if","locations":[{"start":{"line":48,"column":8},"end":{"line":53,"column":9}},{"start":{"line":48,"column":8},"end":{"line":53,"column":9}}],"line":48}},"s":{"0":1,"1":1,"2":1,"3":1,"4":1,"5":1,"6":1,"7":1,"8":1,"9":1,"10":1,"11":1,"12":0,"13":0,"14":0,"15":0,"16":0,"17":1},"f":{"0":1,"1":1},"b":{"0":[0,0]},"_coverageSchema":"43e27e138ebf9cfc5966b082cf9a028302ed4184","hash":"37380c0a50abf054670bf1dccf40e1e8fc1cd38d"}
,"/mnt/dados/nodejs/GoStack/semana_3/gobarber/web/src/pages/Signup/index.tsx": {"path":"/mnt/dados/nodejs/GoStack/semana_3/gobarber/web/src/pages/Signup/index.tsx","statementMap":{"0":{"start":{"line":27,"column":25},"end":{"line":115,"column":1}},"1":{"start":{"line":28,"column":18},"end":{"line":28,"column":43}},"2":{"start":{"line":29,"column":23},"end":{"line":29,"column":40}},"3":{"start":{"line":30,"column":18},"end":{"line":30,"column":30}},"4":{"start":{"line":32,"column":23},"end":{"line":77,"column":3}},"5":{"start":{"line":34,"column":6},"end":{"line":34,"column":37}},"6":{"start":{"line":35,"column":21},"end":{"line":41,"column":8}},"7":{"start":{"line":43,"column":6},"end":{"line":52,"column":7}},"8":{"start":{"line":44,"column":8},"end":{"line":46,"column":11}},"9":{"start":{"line":48,"column":23},"end":{"line":48,"column":49}},"10":{"start":{"line":49,"column":8},"end":{"line":49,"column":43}},"11":{"start":{"line":50,"column":8},"end":{"line":50,"column":29}},"12":{"start":{"line":51,"column":8},"end":{"line":51,"column":15}},"13":{"start":{"line":54,"column":6},"end":{"line":74,"column":7}},"14":{"start":{"line":55,"column":8},"end":{"line":55,"column":39}},"15":{"start":{"line":56,"column":8},"end":{"line":59,"column":11}},"16":{"start":{"line":61,"column":8},"end":{"line":61,"column":26}},"17":{"start":{"line":63,"column":25},"end":{"line":63,"column":39}},"18":{"start":{"line":64,"column":28},"end":{"line":64,"column":32}},"19":{"start":{"line":66,"column":10},"end":{"line":68,"column":21}},"20":{"start":{"line":69,"column":8},"end":{"line":73,"column":11}},"21":{"start":{"line":79,"column":2},"end":{"line":114,"column":4}}},"fnMap":{"0":{"name":"(anonymous_0)","decl":{"start":{"line":27,"column":25},"end":{"line":27,"column":26}},"loc":{"start":{"line":27,"column":31},"end":{"line":115,"column":1}},"line":27},"1":{"name":"(anonymous_1)","decl":{"start":{"line":33,"column":4},"end":{"line":33,"column":5}},"loc":{"start":{"line":33,"column":47},"end":{"line":75,"column":5}},"line":33}},"branchMap":{"0":{"loc":{"start":{"line":66,"column":10},"end":{"line":68,"column":21}},"type":"cond-expr","locations":[{"start":{"line":67,"column":14},"end":{"line":67,"column":38}},{"start":{"line":68,"column":14},"end":{"line":68,"column":21}}],"line":66}},"s":{"0":0,"1":0,"2":0,"3":0,"4":0,"5":0,"6":0,"7":0,"8":0,"9":0,"10":0,"11":0,"12":0,"13":0,"14":0,"15":0,"16":0,"17":0,"18":0,"19":0,"20":0,"21":0},"f":{"0":0,"1":0},"b":{"0":[0,0]},"hash":"9870cd68ed91cdf3bba1d113ebf1a9cb9900546d"}
}
